{"/media/samyouaret/storage_drive/ALL_IN/projects/event-space/src/app/Application.ts": {"path":"/media/samyouaret/storage_drive/ALL_IN/projects/event-space/src/app/Application.ts","statementMap":{"0":{"start":{"line":1,"column":0},"end":{"line":1,"column":52}},"1":{"start":{"line":2,"column":0},"end":{"line":2,"column":34}},"2":{"start":{"line":4,"column":0},"end":{"line":4,"column":37}},"3":{"start":{"line":15,"column":8},"end":{"line":15,"column":16}},"4":{"start":{"line":16,"column":8},"end":{"line":16,"column":37}},"5":{"start":{"line":17,"column":8},"end":{"line":17,"column":37}},"6":{"start":{"line":18,"column":8},"end":{"line":18,"column":49}},"7":{"start":{"line":19,"column":8},"end":{"line":23,"column":null}},"8":{"start":{"line":20,"column":12},"end":{"line":20,"column":66}},"9":{"start":{"line":22,"column":12},"end":{"line":22,"column":53}},"10":{"start":{"line":24,"column":8},"end":{"line":24,"column":49}},"11":{"start":{"line":28,"column":8},"end":{"line":28,"column":37}},"12":{"start":{"line":32,"column":8},"end":{"line":32,"column":31}},"13":{"start":{"line":36,"column":8},"end":{"line":36,"column":36}},"14":{"start":{"line":37,"column":8},"end":{"line":37,"column":26}},"15":{"start":{"line":38,"column":8},"end":{"line":38,"column":40}},"16":{"start":{"line":39,"column":8},"end":{"line":39,"column":39}},"17":{"start":{"line":43,"column":8},"end":{"line":47,"column":null}},"18":{"start":{"line":44,"column":12},"end":{"line":44,"column":53}},"19":{"start":{"line":46,"column":12},"end":{"line":46,"column":41}},"20":{"start":{"line":48,"column":8},"end":{"line":48,"column":45}},"21":{"start":{"line":49,"column":8},"end":{"line":49,"column":37}},"22":{"start":{"line":50,"column":8},"end":{"line":50,"column":41}},"23":{"start":{"line":54,"column":8},"end":{"line":54,"column":27}},"24":{"start":{"line":58,"column":8},"end":{"line":61,"column":null}},"25":{"start":{"line":59,"column":12},"end":{"line":59,"column":44}},"26":{"start":{"line":60,"column":12},"end":{"line":60,"column":41}},"27":{"start":{"line":62,"column":8},"end":{"line":62,"column":35}},"28":{"start":{"line":7,"column":0},"end":{"line":7,"column":21}}},"fnMap":{"0":{"name":"(anonymous_7)","decl":{"start":{"line":14,"column":4},"end":{"line":14,"column":16}},"loc":{"start":{"line":14,"column":54},"end":{"line":25,"column":5}}},"1":{"name":"(anonymous_8)","decl":{"start":{"line":27,"column":4},"end":{"line":27,"column":25}},"loc":{"start":{"line":27,"column":64},"end":{"line":29,"column":5}}},"2":{"name":"(anonymous_9)","decl":{"start":{"line":31,"column":4},"end":{"line":31,"column":25}},"loc":{"start":{"line":31,"column":25},"end":{"line":33,"column":5}}},"3":{"name":"(anonymous_10)","decl":{"start":{"line":35,"column":4},"end":{"line":35,"column":9}},"loc":{"start":{"line":35,"column":15},"end":{"line":40,"column":5}}},"4":{"name":"(anonymous_11)","decl":{"start":{"line":42,"column":4},"end":{"line":42,"column":9}},"loc":{"start":{"line":42,"column":14},"end":{"line":51,"column":5}}},"5":{"name":"(anonymous_12)","decl":{"start":{"line":53,"column":4},"end":{"line":53,"column":13}},"loc":{"start":{"line":53,"column":13},"end":{"line":55,"column":5}}},"6":{"name":"(anonymous_13)","decl":{"start":{"line":57,"column":4},"end":{"line":57,"column":9}},"loc":{"start":{"line":57,"column":23},"end":{"line":63,"column":5}}}},"branchMap":{"0":{"loc":{"start":{"line":19,"column":8},"end":{"line":23,"column":null}},"type":"if","locations":[{"start":{"line":19,"column":8},"end":{"line":23,"column":null}},{"start":{"line":21,"column":15},"end":{"line":23,"column":null}}]},"1":{"loc":{"start":{"line":43,"column":8},"end":{"line":47,"column":null}},"type":"if","locations":[{"start":{"line":43,"column":8},"end":{"line":47,"column":null}},{"start":{"line":45,"column":15},"end":{"line":47,"column":null}}]},"2":{"loc":{"start":{"line":58,"column":8},"end":{"line":61,"column":null}},"type":"if","locations":[{"start":{"line":58,"column":8},"end":{"line":61,"column":null}}]}},"s":{"0":3,"1":3,"2":3,"3":3,"4":3,"5":3,"6":3,"7":3,"8":3,"9":0,"10":3,"11":0,"12":21,"13":0,"14":0,"15":0,"16":0,"17":3,"18":3,"19":0,"20":3,"21":3,"22":3,"23":6,"24":0,"25":0,"26":0,"27":0,"28":3},"f":{"0":3,"1":0,"2":21,"3":0,"4":3,"5":6,"6":0},"b":{"0":[3,0],"1":[3,0],"2":[0]}}
,"/media/samyouaret/storage_drive/ALL_IN/projects/event-space/src/app/prisma.ts": {"path":"/media/samyouaret/storage_drive/ALL_IN/projects/event-space/src/app/prisma.ts","statementMap":{"0":{"start":{"line":1,"column":0},"end":{"line":1,"column":46}},"1":{"start":{"line":2,"column":0},"end":{"line":2,"column":44}},"2":{"start":{"line":3,"column":0},"end":{"line":3,"column":45}},"3":{"start":{"line":7,"column":19},"end":{"line":7,"column":51}},"4":{"start":{"line":8,"column":4},"end":{"line":10,"column":null}},"5":{"start":{"line":9,"column":8},"end":{"line":9,"column":54}},"6":{"start":{"line":12,"column":4},"end":{"line":12,"column":37}},"7":{"start":{"line":6,"column":0},"end":{"line":6,"column":16}}},"fnMap":{"0":{"name":"getPrisma","decl":{"start":{"line":6,"column":16},"end":{"line":6,"column":25}},"loc":{"start":{"line":6,"column":25},"end":{"line":13,"column":1}}}},"branchMap":{"0":{"loc":{"start":{"line":8,"column":4},"end":{"line":10,"column":null}},"type":"if","locations":[{"start":{"line":8,"column":4},"end":{"line":10,"column":null}}]}},"s":{"0":3,"1":3,"2":3,"3":3,"4":3,"5":0,"6":3,"7":3},"f":{"0":3},"b":{"0":[0]}}
,"/media/samyouaret/storage_drive/ALL_IN/projects/event-space/src/app/routes.ts": {"path":"/media/samyouaret/storage_drive/ALL_IN/projects/event-space/src/app/routes.ts","statementMap":{"0":{"start":{"line":1,"column":0},"end":{"line":1,"column":56}},"1":{"start":{"line":2,"column":0},"end":{"line":2,"column":37}},"2":{"start":{"line":3,"column":0},"end":{"line":3,"column":37}},"3":{"start":{"line":4,"column":0},"end":{"line":4,"column":53}},"4":{"start":{"line":5,"column":0},"end":{"line":5,"column":57}},"5":{"start":{"line":8,"column":15},"end":{"line":14,"column":2}},"6":{"start":{"line":16,"column":0},"end":{"line":16,"column":22}}},"fnMap":{},"branchMap":{},"s":{"0":3,"1":3,"2":3,"3":3,"4":3,"5":3,"6":3},"f":{},"b":{}}
,"/media/samyouaret/storage_drive/ALL_IN/projects/event-space/src/app/singletons.ts": {"path":"/media/samyouaret/storage_drive/ALL_IN/projects/event-space/src/app/singletons.ts","statementMap":{"0":{"start":{"line":1,"column":0},"end":{"line":1,"column":37}},"1":{"start":{"line":2,"column":0},"end":{"line":2,"column":63}},"2":{"start":{"line":3,"column":0},"end":{"line":3,"column":63}},"3":{"start":{"line":4,"column":0},"end":{"line":4,"column":36}},"4":{"start":{"line":6,"column":0},"end":{"line":6,"column":49}},"5":{"start":{"line":7,"column":0},"end":{"line":7,"column":53}},"6":{"start":{"line":10,"column":19},"end":{"line":10,"column":30}},"7":{"start":{"line":11,"column":22},"end":{"line":11,"column":58}},"8":{"start":{"line":13,"column":22},"end":{"line":21,"column":6}},"9":{"start":{"line":22,"column":35},"end":{"line":22,"column":58}},"10":{"start":{"line":23,"column":22},"end":{"line":23,"column":50}},"11":{"start":{"line":24,"column":29},"end":{"line":24,"column":59}},"12":{"start":{"line":25,"column":29},"end":{"line":25,"column":97}},"13":{"start":{"line":27,"column":4},"end":{"line":32,"column":6}},"14":{"start":{"line":9,"column":0},"end":{"line":9,"column":15}}},"fnMap":{"0":{"name":"singletons","decl":{"start":{"line":9,"column":30},"end":{"line":9,"column":40}},"loc":{"start":{"line":9,"column":57},"end":{"line":33,"column":1}}}},"branchMap":{},"s":{"0":3,"1":3,"2":3,"3":3,"4":3,"5":3,"6":3,"7":3,"8":3,"9":3,"10":3,"11":3,"12":3,"13":3,"14":3},"f":{"0":3},"b":{}}
,"/media/samyouaret/storage_drive/ALL_IN/projects/event-space/src/app/gateways/ExpressApplication.ts": {"path":"/media/samyouaret/storage_drive/ALL_IN/projects/event-space/src/app/gateways/ExpressApplication.ts","statementMap":{"0":{"start":{"line":1,"column":0},"end":{"line":1,"column":30}},"1":{"start":{"line":2,"column":0},"end":{"line":2,"column":34}},"2":{"start":{"line":3,"column":0},"end":{"line":3,"column":30}},"3":{"start":{"line":27,"column":8},"end":{"line":27,"column":16}},"4":{"start":{"line":28,"column":8},"end":{"line":28,"column":29}},"5":{"start":{"line":29,"column":8},"end":{"line":29,"column":29}},"6":{"start":{"line":33,"column":8},"end":{"line":33,"column":27}},"7":{"start":{"line":37,"column":8},"end":{"line":37,"column":27}},"8":{"start":{"line":41,"column":8},"end":{"line":44,"column":null}},"9":{"start":{"line":42,"column":12},"end":{"line":42,"column":68}},"10":{"start":{"line":43,"column":12},"end":{"line":43,"column":60}},"11":{"start":{"line":45,"column":8},"end":{"line":48,"column":null}},"12":{"start":{"line":46,"column":27},"end":{"line":46,"column":49}},"13":{"start":{"line":47,"column":12},"end":{"line":47,"column":46}},"14":{"start":{"line":49,"column":8},"end":{"line":51,"column":null}},"15":{"start":{"line":50,"column":12},"end":{"line":50,"column":69}},"16":{"start":{"line":52,"column":8},"end":{"line":54,"column":null}},"17":{"start":{"line":53,"column":12},"end":{"line":53,"column":69}},"18":{"start":{"line":56,"column":8},"end":{"line":59,"column":null}},"19":{"start":{"line":57,"column":33},"end":{"line":57,"column":62}},"20":{"start":{"line":58,"column":12},"end":{"line":58,"column":52}},"21":{"start":{"line":60,"column":8},"end":{"line":64,"column":null}},"22":{"start":{"line":61,"column":25},"end":{"line":61,"column":72}},"23":{"start":{"line":62,"column":35},"end":{"line":62,"column":49}},"24":{"start":{"line":63,"column":12},"end":{"line":63,"column":44}},"25":{"start":{"line":65,"column":8},"end":{"line":69,"column":null}},"26":{"start":{"line":66,"column":30},"end":{"line":66,"column":64}},"27":{"start":{"line":67,"column":31},"end":{"line":67,"column":72}},"28":{"start":{"line":68,"column":12},"end":{"line":68,"column":83}},"29":{"start":{"line":70,"column":8},"end":{"line":70,"column":40}},"30":{"start":{"line":71,"column":8},"end":{"line":71,"column":43}},"31":{"start":{"line":76,"column":8},"end":{"line":82,"column":11}},"32":{"start":{"line":77,"column":53},"end":{"line":77,"column":77}},"33":{"start":{"line":78,"column":12},"end":{"line":81,"column":null}},"34":{"start":{"line":80,"column":16},"end":{"line":80,"column":40}},"35":{"start":{"line":86,"column":8},"end":{"line":88,"column":11}},"36":{"start":{"line":87,"column":12},"end":{"line":87,"column":null}},"37":{"start":{"line":22,"column":0},"end":{"line":22,"column":21}}},"fnMap":{"0":{"name":"(anonymous_7)","decl":{"start":{"line":26,"column":4},"end":{"line":26,"column":16}},"loc":{"start":{"line":26,"column":62},"end":{"line":30,"column":5}}},"1":{"name":"(anonymous_8)","decl":{"start":{"line":32,"column":4},"end":{"line":32,"column":13}},"loc":{"start":{"line":32,"column":13},"end":{"line":34,"column":5}}},"2":{"name":"(anonymous_9)","decl":{"start":{"line":36,"column":4},"end":{"line":36,"column":9}},"loc":{"start":{"line":36,"column":15},"end":{"line":38,"column":5}}},"3":{"name":"(anonymous_10)","decl":{"start":{"line":40,"column":4},"end":{"line":40,"column":9}},"loc":{"start":{"line":40,"column":39},"end":{"line":72,"column":5}}},"4":{"name":"(anonymous_11)","decl":{"start":{"line":46,"column":27},"end":{"line":46,"column":40}},"loc":{"start":{"line":46,"column":27},"end":{"line":46,"column":49}}},"5":{"name":"(anonymous_12)","decl":{"start":{"line":57,"column":33},"end":{"line":57,"column":46}},"loc":{"start":{"line":57,"column":33},"end":{"line":57,"column":62}}},"6":{"name":"(anonymous_13)","decl":{"start":{"line":61,"column":25},"end":{"line":61,"column":38}},"loc":{"start":{"line":61,"column":25},"end":{"line":61,"column":72}}},"7":{"name":"(anonymous_14)","decl":{"start":{"line":66,"column":30},"end":{"line":66,"column":43}},"loc":{"start":{"line":66,"column":30},"end":{"line":66,"column":64}}},"8":{"name":"(anonymous_15)","decl":{"start":{"line":67,"column":31},"end":{"line":67,"column":44}},"loc":{"start":{"line":67,"column":31},"end":{"line":67,"column":72}}},"9":{"name":"(anonymous_16)","decl":{"start":{"line":75,"column":4},"end":{"line":75,"column":9}},"loc":{"start":{"line":75,"column":45},"end":{"line":83,"column":5}}},"10":{"name":"(anonymous_17)","decl":{"start":{"line":76,"column":23},"end":{"line":76,"column":28}},"loc":{"start":{"line":76,"column":44},"end":{"line":82,"column":9}}},"11":{"name":"(anonymous_18)","decl":{"start":{"line":85,"column":4},"end":{"line":85,"column":15}},"loc":{"start":{"line":85,"column":15},"end":{"line":89,"column":5}}},"12":{"name":"(anonymous_19)","decl":{"start":{"line":86,"column":45},"end":{"line":86,"column":48}},"loc":{"start":{"line":86,"column":50},"end":{"line":88,"column":9}}}},"branchMap":{"0":{"loc":{"start":{"line":41,"column":8},"end":{"line":44,"column":null}},"type":"if","locations":[{"start":{"line":41,"column":8},"end":{"line":44,"column":null}}]},"1":{"loc":{"start":{"line":45,"column":8},"end":{"line":48,"column":null}},"type":"if","locations":[{"start":{"line":45,"column":8},"end":{"line":48,"column":null}}]},"2":{"loc":{"start":{"line":49,"column":8},"end":{"line":51,"column":null}},"type":"if","locations":[{"start":{"line":49,"column":8},"end":{"line":51,"column":null}}]},"3":{"loc":{"start":{"line":52,"column":8},"end":{"line":54,"column":null}},"type":"if","locations":[{"start":{"line":52,"column":8},"end":{"line":54,"column":null}}]},"4":{"loc":{"start":{"line":56,"column":8},"end":{"line":59,"column":null}},"type":"if","locations":[{"start":{"line":56,"column":8},"end":{"line":59,"column":null}}]},"5":{"loc":{"start":{"line":60,"column":8},"end":{"line":64,"column":null}},"type":"if","locations":[{"start":{"line":60,"column":8},"end":{"line":64,"column":null}}]},"6":{"loc":{"start":{"line":65,"column":8},"end":{"line":69,"column":null}},"type":"if","locations":[{"start":{"line":65,"column":8},"end":{"line":69,"column":null}}]},"7":{"loc":{"start":{"line":78,"column":12},"end":{"line":81,"column":null}},"type":"if","locations":[{"start":{"line":78,"column":12},"end":{"line":81,"column":null}}]},"8":{"loc":{"start":{"line":78,"column":16},"end":{"line":79,"column":44}},"type":"binary-expr","locations":[{"start":{"line":78,"column":16},"end":{"line":78,"column":48}},{"start":{"line":79,"column":16},"end":{"line":79,"column":44}}]}},"s":{"0":3,"1":3,"2":3,"3":3,"4":3,"5":3,"6":21,"7":0,"8":3,"9":0,"10":0,"11":3,"12":6,"13":3,"14":3,"15":0,"16":3,"17":3,"18":3,"19":0,"20":0,"21":3,"22":0,"23":0,"24":0,"25":3,"26":6,"27":6,"28":3,"29":3,"30":3,"31":3,"32":15,"33":15,"34":6,"35":0,"36":0,"37":3},"f":{"0":3,"1":21,"2":0,"3":3,"4":3,"5":0,"6":0,"7":3,"8":3,"9":3,"10":15,"11":0,"12":0},"b":{"0":[0],"1":[3],"2":[0],"3":[3],"4":[0],"5":[0],"6":[3],"7":[6],"8":[15,15]}}
,"/media/samyouaret/storage_drive/ALL_IN/projects/event-space/src/app/http/controllers/auth/AuthController.ts": {"path":"/media/samyouaret/storage_drive/ALL_IN/projects/event-space/src/app/http/controllers/auth/AuthController.ts","statementMap":{"0":{"start":{"line":6,"column":33},"end":{"line":6,"column":57}},"1":{"start":{"line":10,"column":12},"end":{"line":10,"column":90}},"2":{"start":{"line":11,"column":8},"end":{"line":13,"column":null}},"3":{"start":{"line":12,"column":12},"end":{"line":12,"column":52}},"4":{"start":{"line":14,"column":8},"end":{"line":14,"column":84}},"5":{"start":{"line":4,"column":0},"end":{"line":4,"column":21}}},"fnMap":{"0":{"name":"(anonymous_0)","decl":{"start":{"line":6,"column":4},"end":{"line":6,"column":33}},"loc":{"start":{"line":6,"column":57},"end":{"line":6,"column":62}}},"1":{"name":"(anonymous_1)","decl":{"start":{"line":8,"column":4},"end":{"line":8,"column":9}},"loc":{"start":{"line":8,"column":72},"end":{"line":15,"column":5}}}},"branchMap":{"0":{"loc":{"start":{"line":11,"column":8},"end":{"line":13,"column":null}},"type":"if","locations":[{"start":{"line":11,"column":8},"end":{"line":13,"column":null}}]}},"s":{"0":3,"1":1,"2":1,"3":0,"4":1,"5":3},"f":{"0":3,"1":1},"b":{"0":[0]}}
,"/media/samyouaret/storage_drive/ALL_IN/projects/event-space/src/app/http/controllers/auth/RegisterController.ts": {"path":"/media/samyouaret/storage_drive/ALL_IN/projects/event-space/src/app/http/controllers/auth/RegisterController.ts","statementMap":{"0":{"start":{"line":9,"column":25},"end":{"line":9,"column":49}},"1":{"start":{"line":10,"column":25},"end":{"line":10,"column":63}},"2":{"start":{"line":14,"column":43},"end":{"line":20,"column":10}},"3":{"start":{"line":22,"column":8},"end":{"line":29,"column":null}},"4":{"start":{"line":23,"column":49},"end":{"line":23,"column":84}},"5":{"start":{"line":25,"column":23},"end":{"line":25,"column":85}},"6":{"start":{"line":26,"column":12},"end":{"line":26,"column":61}},"7":{"start":{"line":28,"column":12},"end":{"line":28,"column":null}},"8":{"start":{"line":6,"column":0},"end":{"line":6,"column":21}}},"fnMap":{"0":{"name":"(anonymous_0)","decl":{"start":{"line":8,"column":4},"end":{"line":8,"column":null}},"loc":{"start":{"line":10,"column":63},"end":{"line":11,"column":9}}},"1":{"name":"(anonymous_1)","decl":{"start":{"line":13,"column":4},"end":{"line":13,"column":9}},"loc":{"start":{"line":13,"column":75},"end":{"line":31,"column":5}}}},"branchMap":{},"s":{"0":3,"1":3,"2":1,"3":1,"4":1,"5":1,"6":1,"7":0,"8":3},"f":{"0":3,"1":1},"b":{}}
,"/media/samyouaret/storage_drive/ALL_IN/projects/event-space/src/app/http/controllers/auth/ResetPasswordController.ts": {"path":"/media/samyouaret/storage_drive/ALL_IN/projects/event-space/src/app/http/controllers/auth/ResetPasswordController.ts","statementMap":{"0":{"start":{"line":6,"column":33},"end":{"line":6,"column":75}},"1":{"start":{"line":9,"column":19},"end":{"line":9,"column":34}},"2":{"start":{"line":10,"column":23},"end":{"line":10,"column":40}},"3":{"start":{"line":11,"column":20},"end":{"line":11,"column":73}},"4":{"start":{"line":12,"column":8},"end":{"line":14,"column":null}},"5":{"start":{"line":13,"column":12},"end":{"line":13,"column":74}},"6":{"start":{"line":16,"column":8},"end":{"line":16,"column":77}},"7":{"start":{"line":20,"column":20},"end":{"line":20,"column":34}},"8":{"start":{"line":21,"column":23},"end":{"line":21,"column":72}},"9":{"start":{"line":22,"column":8},"end":{"line":24,"column":null}},"10":{"start":{"line":23,"column":12},"end":{"line":23,"column":72}},"11":{"start":{"line":26,"column":8},"end":{"line":26,"column":74}},"12":{"start":{"line":4,"column":0},"end":{"line":4,"column":21}}},"fnMap":{"0":{"name":"(anonymous_0)","decl":{"start":{"line":6,"column":4},"end":{"line":6,"column":33}},"loc":{"start":{"line":6,"column":75},"end":{"line":6,"column":80}}},"1":{"name":"(anonymous_1)","decl":{"start":{"line":8,"column":4},"end":{"line":8,"column":9}},"loc":{"start":{"line":8,"column":43},"end":{"line":17,"column":5}}},"2":{"name":"(anonymous_2)","decl":{"start":{"line":19,"column":4},"end":{"line":19,"column":9}},"loc":{"start":{"line":19,"column":51},"end":{"line":27,"column":5}}}},"branchMap":{"0":{"loc":{"start":{"line":12,"column":8},"end":{"line":14,"column":null}},"type":"if","locations":[{"start":{"line":12,"column":8},"end":{"line":14,"column":null}}]},"1":{"loc":{"start":{"line":22,"column":8},"end":{"line":24,"column":null}},"type":"if","locations":[{"start":{"line":22,"column":8},"end":{"line":24,"column":null}}]}},"s":{"0":3,"1":0,"2":0,"3":0,"4":0,"5":0,"6":0,"7":0,"8":0,"9":0,"10":0,"11":0,"12":3},"f":{"0":3,"1":0,"2":0},"b":{"0":[0],"1":[0]}}
,"/media/samyouaret/storage_drive/ALL_IN/projects/event-space/src/app/http/controllers/auth/VerifyEmailController.ts": {"path":"/media/samyouaret/storage_drive/ALL_IN/projects/event-space/src/app/http/controllers/auth/VerifyEmailController.ts","statementMap":{"0":{"start":{"line":6,"column":33},"end":{"line":6,"column":71}},"1":{"start":{"line":9,"column":19},"end":{"line":9,"column":34}},"2":{"start":{"line":10,"column":23},"end":{"line":10,"column":65}},"3":{"start":{"line":11,"column":8},"end":{"line":13,"column":null}},"4":{"start":{"line":12,"column":12},"end":{"line":12,"column":72}},"5":{"start":{"line":15,"column":8},"end":{"line":15,"column":74}},"6":{"start":{"line":4,"column":0},"end":{"line":4,"column":21}}},"fnMap":{"0":{"name":"(anonymous_0)","decl":{"start":{"line":6,"column":4},"end":{"line":6,"column":33}},"loc":{"start":{"line":6,"column":71},"end":{"line":6,"column":76}}},"1":{"name":"(anonymous_1)","decl":{"start":{"line":8,"column":4},"end":{"line":8,"column":9}},"loc":{"start":{"line":8,"column":44},"end":{"line":16,"column":5}}}},"branchMap":{"0":{"loc":{"start":{"line":11,"column":8},"end":{"line":13,"column":null}},"type":"if","locations":[{"start":{"line":11,"column":8},"end":{"line":13,"column":null}}]}},"s":{"0":3,"1":0,"2":0,"3":0,"4":0,"5":0,"6":3},"f":{"0":3,"1":0},"b":{"0":[0]}}
,"/media/samyouaret/storage_drive/ALL_IN/projects/event-space/src/app/http/middlewares/api/auth-check.ts": {"path":"/media/samyouaret/storage_drive/ALL_IN/projects/event-space/src/app/http/middlewares/api/auth-check.ts","statementMap":{"0":{"start":{"line":2,"column":0},"end":{"line":2,"column":31}},"1":{"start":{"line":3,"column":0},"end":{"line":3,"column":53}},"2":{"start":{"line":5,"column":0},"end":{"line":15,"column":null}},"3":{"start":{"line":6,"column":23},"end":{"line":6,"column":51}},"4":{"start":{"line":7,"column":18},"end":{"line":7,"column":56}},"5":{"start":{"line":9,"column":4},"end":{"line":9,"column":85}},"6":{"start":{"line":9,"column":23},"end":{"line":9,"column":85}},"7":{"start":{"line":10,"column":5},"end":{"line":14,"column":7}},"8":{"start":{"line":11,"column":8},"end":{"line":11,"column":44}},"9":{"start":{"line":11,"column":17},"end":{"line":11,"column":44}},"10":{"start":{"line":12,"column":9},"end":{"line":12,"column":null}},"11":{"start":{"line":13,"column":8},"end":{"line":13,"column":null}}},"fnMap":{"0":{"name":"(anonymous_1)","decl":{"start":{"line":5,"column":15},"end":{"line":5,"column":16}},"loc":{"start":{"line":5,"column":67},"end":{"line":15,"column":1}}},"1":{"name":"(anonymous_2)","decl":{"start":{"line":10,"column":47},"end":{"line":10,"column":48}},"loc":{"start":{"line":10,"column":99},"end":{"line":14,"column":5}}}},"branchMap":{"0":{"loc":{"start":{"line":7,"column":18},"end":{"line":7,"column":56}},"type":"binary-expr","locations":[{"start":{"line":7,"column":18},"end":{"line":7,"column":28}},{"start":{"line":7,"column":32},"end":{"line":7,"column":56}}]},"1":{"loc":{"start":{"line":9,"column":4},"end":{"line":9,"column":85}},"type":"if","locations":[{"start":{"line":9,"column":4},"end":{"line":9,"column":85}}]},"2":{"loc":{"start":{"line":11,"column":8},"end":{"line":11,"column":44}},"type":"if","locations":[{"start":{"line":11,"column":8},"end":{"line":11,"column":44}}]}},"s":{"0":1,"1":1,"2":1,"3":2,"4":2,"5":2,"6":1,"7":1,"8":1,"9":1,"10":0,"11":0},"f":{"0":2,"1":1},"b":{"0":[2,1],"1":[1],"2":[1]}}
,"/media/samyouaret/storage_drive/ALL_IN/projects/event-space/src/app/http/middlewares/api/guest.ts": {"path":"/media/samyouaret/storage_drive/ALL_IN/projects/event-space/src/app/http/middlewares/api/guest.ts","statementMap":{"0":{"start":{"line":3,"column":0},"end":{"line":8,"column":null}},"1":{"start":{"line":4,"column":23},"end":{"line":4,"column":51}},"2":{"start":{"line":5,"column":18},"end":{"line":5,"column":56}},"3":{"start":{"line":6,"column":4},"end":{"line":6,"column":37}},"4":{"start":{"line":6,"column":23},"end":{"line":6,"column":37}},"5":{"start":{"line":7,"column":4},"end":{"line":7,"column":66}}},"fnMap":{"0":{"name":"(anonymous_0)","decl":{"start":{"line":3,"column":15},"end":{"line":3,"column":16}},"loc":{"start":{"line":3,"column":67},"end":{"line":8,"column":1}}}},"branchMap":{"0":{"loc":{"start":{"line":5,"column":18},"end":{"line":5,"column":56}},"type":"binary-expr","locations":[{"start":{"line":5,"column":18},"end":{"line":5,"column":28}},{"start":{"line":5,"column":32},"end":{"line":5,"column":56}}]},"1":{"loc":{"start":{"line":6,"column":4},"end":{"line":6,"column":37}},"type":"if","locations":[{"start":{"line":6,"column":4},"end":{"line":6,"column":37}}]}},"s":{"0":3,"1":8,"2":8,"3":8,"4":7,"5":1},"f":{"0":8},"b":{"0":[8,1],"1":[7]}}
,"/media/samyouaret/storage_drive/ALL_IN/projects/event-space/src/app/http/middlewares/validators/userValidator.ts": {"path":"/media/samyouaret/storage_drive/ALL_IN/projects/event-space/src/app/http/middlewares/validators/userValidator.ts","statementMap":{"0":{"start":{"line":1,"column":0},"end":{"line":1,"column":58}},"1":{"start":{"line":3,"column":0},"end":{"line":29,"column":null}},"2":{"start":{"line":5,"column":8},"end":{"line":27,"column":null}}},"fnMap":{"0":{"name":"(anonymous_0)","decl":{"start":{"line":4,"column":4},"end":{"line":4,"column":9}},"loc":{"start":{"line":4,"column":9},"end":{"line":28,"column":5}}}},"branchMap":{},"s":{"0":3,"1":3,"2":3},"f":{"0":3},"b":{}}
,"/media/samyouaret/storage_drive/ALL_IN/projects/event-space/src/app/http/middlewares/validators/validate.ts": {"path":"/media/samyouaret/storage_drive/ALL_IN/projects/event-space/src/app/http/middlewares/validators/validate.ts","statementMap":{"0":{"start":{"line":1,"column":0},"end":{"line":1,"column":53}},"1":{"start":{"line":5,"column":19},"end":{"line":5,"column":40}},"2":{"start":{"line":6,"column":4},"end":{"line":8,"column":null}},"3":{"start":{"line":7,"column":8},"end":{"line":7,"column":null}},"4":{"start":{"line":9,"column":33},"end":{"line":9,"column":35}},"5":{"start":{"line":10,"column":4},"end":{"line":15,"column":7}},"6":{"start":{"line":11,"column":8},"end":{"line":13,"column":null}},"7":{"start":{"line":12,"column":12},"end":{"line":12,"column":44}},"8":{"start":{"line":14,"column":8},"end":{"line":14,"column":49}},"9":{"start":{"line":16,"column":4},"end":{"line":16,"column":null}},"10":{"start":{"line":4,"column":0},"end":{"line":4,"column":24}}},"fnMap":{"0":{"name":"validate","decl":{"start":{"line":4,"column":24},"end":{"line":4,"column":32}},"loc":{"start":{"line":4,"column":80},"end":{"line":17,"column":1}}},"1":{"name":"(anonymous_1)","decl":{"start":{"line":10,"column":23},"end":{"line":10,"column":26}},"loc":{"start":{"line":10,"column":29},"end":{"line":15,"column":5}}}},"branchMap":{"0":{"loc":{"start":{"line":6,"column":4},"end":{"line":8,"column":null}},"type":"if","locations":[{"start":{"line":6,"column":4},"end":{"line":8,"column":null}}]},"1":{"loc":{"start":{"line":11,"column":8},"end":{"line":13,"column":null}},"type":"if","locations":[{"start":{"line":11,"column":8},"end":{"line":13,"column":null}}]}},"s":{"0":3,"1":6,"2":6,"3":2,"4":4,"5":4,"6":7,"7":7,"8":7,"9":4,"10":3},"f":{"0":6,"1":7},"b":{"0":[2],"1":[7]}}
,"/media/samyouaret/storage_drive/ALL_IN/projects/event-space/src/app/http/open-api-docs/api.ts": {"path":"/media/samyouaret/storage_drive/ALL_IN/projects/event-space/src/app/http/open-api-docs/api.ts","statementMap":{"0":{"start":{"line":2,"column":13},"end":{"line":33,"column":2}}},"fnMap":{},"branchMap":{},"s":{"0":3},"f":{},"b":{}}
,"/media/samyouaret/storage_drive/ALL_IN/projects/event-space/src/app/services/AuthService.ts": {"path":"/media/samyouaret/storage_drive/ALL_IN/projects/event-space/src/app/services/AuthService.ts","statementMap":{"0":{"start":{"line":2,"column":0},"end":{"line":2,"column":27}},"1":{"start":{"line":3,"column":0},"end":{"line":3,"column":30}},"2":{"start":{"line":4,"column":0},"end":{"line":4,"column":47}},"3":{"start":{"line":13,"column":33},"end":{"line":13,"column":56}},"4":{"start":{"line":16,"column":19},"end":{"line":16,"column":60}},"5":{"start":{"line":17,"column":8},"end":{"line":19,"column":null}},"6":{"start":{"line":18,"column":12},"end":{"line":18,"column":19}},"7":{"start":{"line":20,"column":22},"end":{"line":20,"column":67}},"8":{"start":{"line":21,"column":8},"end":{"line":26,"column":null}},"9":{"start":{"line":22,"column":12},"end":{"line":25,"column":15}},"10":{"start":{"line":30,"column":20},"end":{"line":32,"column":10}},"11":{"start":{"line":33,"column":8},"end":{"line":33,"column":25}},"12":{"start":{"line":11,"column":0},"end":{"line":11,"column":13}},"13":{"start":{"line":37,"column":0},"end":{"line":37,"column":27}}},"fnMap":{"0":{"name":"(anonymous_1)","decl":{"start":{"line":13,"column":4},"end":{"line":13,"column":33}},"loc":{"start":{"line":13,"column":56},"end":{"line":13,"column":60}}},"1":{"name":"(anonymous_2)","decl":{"start":{"line":15,"column":4},"end":{"line":15,"column":9}},"loc":{"start":{"line":15,"column":54},"end":{"line":27,"column":5}}},"2":{"name":"(anonymous_3)","decl":{"start":{"line":29,"column":4},"end":{"line":29,"column":17}},"loc":{"start":{"line":29,"column":56},"end":{"line":34,"column":5}}}},"branchMap":{"0":{"loc":{"start":{"line":17,"column":8},"end":{"line":19,"column":null}},"type":"if","locations":[{"start":{"line":17,"column":8},"end":{"line":19,"column":null}}]},"1":{"loc":{"start":{"line":21,"column":8},"end":{"line":26,"column":null}},"type":"if","locations":[{"start":{"line":21,"column":8},"end":{"line":26,"column":null}}]}},"s":{"0":4,"1":4,"2":4,"3":6,"4":4,"5":4,"6":2,"7":2,"8":2,"9":1,"10":1,"11":1,"12":4,"13":4},"f":{"0":6,"1":4,"2":1},"b":{"0":[2],"1":[1]}}
,"/media/samyouaret/storage_drive/ALL_IN/projects/event-space/src/app/services/MailService.ts": {"path":"/media/samyouaret/storage_drive/ALL_IN/projects/event-space/src/app/services/MailService.ts","statementMap":{"0":{"start":{"line":8,"column":33},"end":{"line":8,"column":51}},"1":{"start":{"line":11,"column":8},"end":{"line":11,"column":41}},"2":{"start":{"line":7,"column":0},"end":{"line":7,"column":21}}},"fnMap":{"0":{"name":"(anonymous_0)","decl":{"start":{"line":8,"column":4},"end":{"line":8,"column":33}},"loc":{"start":{"line":8,"column":51},"end":{"line":8,"column":56}}},"1":{"name":"(anonymous_1)","decl":{"start":{"line":10,"column":4},"end":{"line":10,"column":9}},"loc":{"start":{"line":10,"column":31},"end":{"line":12,"column":5}}}},"branchMap":{},"s":{"0":3,"1":1,"2":3},"f":{"0":3,"1":1},"b":{}}
,"/media/samyouaret/storage_drive/ALL_IN/projects/event-space/src/app/services/ResetPasswordService.ts": {"path":"/media/samyouaret/storage_drive/ALL_IN/projects/event-space/src/app/services/ResetPasswordService.ts","statementMap":{"0":{"start":{"line":4,"column":0},"end":{"line":4,"column":27}},"1":{"start":{"line":8,"column":33},"end":{"line":8,"column":53}},"2":{"start":{"line":9,"column":25},"end":{"line":9,"column":49}},"3":{"start":{"line":10,"column":25},"end":{"line":10,"column":49}},"4":{"start":{"line":13,"column":21},"end":{"line":16,"column":10}},"5":{"start":{"line":17,"column":8},"end":{"line":21,"column":null}},"6":{"start":{"line":18,"column":12},"end":{"line":18,"column":74}},"7":{"start":{"line":19,"column":12},"end":{"line":19,"column":36}},"8":{"start":{"line":20,"column":12},"end":{"line":20,"column":24}},"9":{"start":{"line":23,"column":8},"end":{"line":23,"column":21}},"10":{"start":{"line":27,"column":8},"end":{"line":33,"column":11}},"11":{"start":{"line":37,"column":8},"end":{"line":40,"column":11}},"12":{"start":{"line":44,"column":21},"end":{"line":44,"column":45}},"13":{"start":{"line":45,"column":19},"end":{"line":51,"column":10}},"14":{"start":{"line":53,"column":8},"end":{"line":53,"column":20}},"15":{"start":{"line":6,"column":0},"end":{"line":6,"column":21}}},"fnMap":{"0":{"name":"(anonymous_1)","decl":{"start":{"line":8,"column":4},"end":{"line":8,"column":33}},"loc":{"start":{"line":10,"column":49},"end":{"line":10,"column":54}}},"1":{"name":"(anonymous_2)","decl":{"start":{"line":12,"column":4},"end":{"line":12,"column":9}},"loc":{"start":{"line":12,"column":46},"end":{"line":24,"column":5}}},"2":{"name":"(anonymous_3)","decl":{"start":{"line":26,"column":4},"end":{"line":26,"column":9}},"loc":{"start":{"line":26,"column":30},"end":{"line":34,"column":5}}},"3":{"name":"(anonymous_4)","decl":{"start":{"line":36,"column":4},"end":{"line":36,"column":9}},"loc":{"start":{"line":36,"column":29},"end":{"line":41,"column":5}}},"4":{"name":"(anonymous_5)","decl":{"start":{"line":43,"column":4},"end":{"line":43,"column":9}},"loc":{"start":{"line":43,"column":34},"end":{"line":54,"column":5}}}},"branchMap":{"0":{"loc":{"start":{"line":17,"column":8},"end":{"line":21,"column":null}},"type":"if","locations":[{"start":{"line":17,"column":8},"end":{"line":21,"column":null}}]}},"s":{"0":3,"1":3,"2":3,"3":3,"4":0,"5":0,"6":0,"7":0,"8":0,"9":0,"10":0,"11":0,"12":0,"13":0,"14":0,"15":3},"f":{"0":3,"1":0,"2":0,"3":0,"4":0},"b":{"0":[0]}}
,"/media/samyouaret/storage_drive/ALL_IN/projects/event-space/src/app/services/TokenVerifyService.ts": {"path":"/media/samyouaret/storage_drive/ALL_IN/projects/event-space/src/app/services/TokenVerifyService.ts","statementMap":{"0":{"start":{"line":5,"column":33},"end":{"line":5,"column":53}},"1":{"start":{"line":8,"column":24},"end":{"line":8,"column":34}},"2":{"start":{"line":9,"column":8},"end":{"line":11,"column":null}},"3":{"start":{"line":10,"column":12},"end":{"line":10,"column":65}},"4":{"start":{"line":12,"column":8},"end":{"line":18,"column":11}},"5":{"start":{"line":22,"column":8},"end":{"line":25,"column":11}},"6":{"start":{"line":29,"column":21},"end":{"line":29,"column":83}},"7":{"start":{"line":30,"column":8},"end":{"line":32,"column":null}},"8":{"start":{"line":31,"column":12},"end":{"line":31,"column":25}},"9":{"start":{"line":33,"column":8},"end":{"line":35,"column":null}},"10":{"start":{"line":34,"column":12},"end":{"line":34,"column":25}},"11":{"start":{"line":37,"column":8},"end":{"line":37,"column":22}},"12":{"start":{"line":3,"column":0},"end":{"line":3,"column":21}}},"fnMap":{"0":{"name":"(anonymous_0)","decl":{"start":{"line":5,"column":4},"end":{"line":5,"column":33}},"loc":{"start":{"line":5,"column":53},"end":{"line":5,"column":58}}},"1":{"name":"(anonymous_1)","decl":{"start":{"line":7,"column":4},"end":{"line":7,"column":9}},"loc":{"start":{"line":7,"column":46},"end":{"line":19,"column":5}}},"2":{"name":"(anonymous_2)","decl":{"start":{"line":21,"column":4},"end":{"line":21,"column":9}},"loc":{"start":{"line":21,"column":30},"end":{"line":26,"column":5}}},"3":{"name":"(anonymous_3)","decl":{"start":{"line":28,"column":4},"end":{"line":28,"column":9}},"loc":{"start":{"line":28,"column":31},"end":{"line":38,"column":5}}}},"branchMap":{"0":{"loc":{"start":{"line":9,"column":8},"end":{"line":11,"column":null}},"type":"if","locations":[{"start":{"line":9,"column":8},"end":{"line":11,"column":null}}]},"1":{"loc":{"start":{"line":30,"column":8},"end":{"line":32,"column":null}},"type":"if","locations":[{"start":{"line":30,"column":8},"end":{"line":32,"column":null}}]},"2":{"loc":{"start":{"line":33,"column":8},"end":{"line":35,"column":null}},"type":"if","locations":[{"start":{"line":33,"column":8},"end":{"line":35,"column":null}}]}},"s":{"0":7,"1":3,"2":3,"3":1,"4":2,"5":1,"6":2,"7":2,"8":0,"9":2,"10":1,"11":1,"12":4},"f":{"0":7,"1":3,"2":1,"3":2},"b":{"0":[1],"1":[0],"2":[1]}}
,"/media/samyouaret/storage_drive/ALL_IN/projects/event-space/src/app/services/UserService.ts": {"path":"/media/samyouaret/storage_drive/ALL_IN/projects/event-space/src/app/services/UserService.ts","statementMap":{"0":{"start":{"line":2,"column":0},"end":{"line":2,"column":43}},"1":{"start":{"line":9,"column":33},"end":{"line":9,"column":53}},"2":{"start":{"line":12,"column":27},"end":{"line":12,"column":61}},"3":{"start":{"line":13,"column":8},"end":{"line":15,"column":null}},"4":{"start":{"line":14,"column":12},"end":{"line":14,"column":51}},"5":{"start":{"line":16,"column":8},"end":{"line":16,"column":50}},"6":{"start":{"line":17,"column":22},"end":{"line":17,"column":74}},"7":{"start":{"line":18,"column":8},"end":{"line":18,"column":41}},"8":{"start":{"line":19,"column":8},"end":{"line":19,"column":23}},"9":{"start":{"line":23,"column":8},"end":{"line":23,"column":62}},"10":{"start":{"line":27,"column":8},"end":{"line":27,"column":40}},"11":{"start":{"line":28,"column":8},"end":{"line":32,"column":11}},"12":{"start":{"line":36,"column":8},"end":{"line":39,"column":11}},"13":{"start":{"line":43,"column":8},"end":{"line":46,"column":11}},"14":{"start":{"line":8,"column":0},"end":{"line":8,"column":13}},"15":{"start":{"line":51,"column":0},"end":{"line":51,"column":27}}},"fnMap":{"0":{"name":"(anonymous_0)","decl":{"start":{"line":9,"column":4},"end":{"line":9,"column":33}},"loc":{"start":{"line":9,"column":53},"end":{"line":9,"column":58}}},"1":{"name":"(anonymous_1)","decl":{"start":{"line":11,"column":4},"end":{"line":11,"column":9}},"loc":{"start":{"line":11,"column":45},"end":{"line":20,"column":5}}},"2":{"name":"(anonymous_2)","decl":{"start":{"line":22,"column":4},"end":{"line":22,"column":9}},"loc":{"start":{"line":22,"column":38},"end":{"line":24,"column":5}}},"3":{"name":"(anonymous_3)","decl":{"start":{"line":26,"column":4},"end":{"line":26,"column":9}},"loc":{"start":{"line":26,"column":56},"end":{"line":33,"column":5}}},"4":{"name":"(anonymous_4)","decl":{"start":{"line":35,"column":4},"end":{"line":35,"column":9}},"loc":{"start":{"line":35,"column":35},"end":{"line":40,"column":5}}},"5":{"name":"(anonymous_5)","decl":{"start":{"line":42,"column":4},"end":{"line":42,"column":9}},"loc":{"start":{"line":42,"column":29},"end":{"line":47,"column":5}}}},"branchMap":{"0":{"loc":{"start":{"line":13,"column":8},"end":{"line":15,"column":null}},"type":"if","locations":[{"start":{"line":13,"column":8},"end":{"line":15,"column":null}}]}},"s":{"0":4,"1":6,"2":4,"3":4,"4":1,"5":3,"6":3,"7":3,"8":3,"9":0,"10":0,"11":0,"12":5,"13":0,"14":4,"15":4},"f":{"0":6,"1":4,"2":0,"3":0,"4":5,"5":0},"b":{"0":[1]}}
,"/media/samyouaret/storage_drive/ALL_IN/projects/event-space/src/app/services/VerifyEmailService.ts": {"path":"/media/samyouaret/storage_drive/ALL_IN/projects/event-space/src/app/services/VerifyEmailService.ts","statementMap":{"0":{"start":{"line":8,"column":25},"end":{"line":8,"column":63}},"1":{"start":{"line":9,"column":25},"end":{"line":9,"column":49}},"2":{"start":{"line":10,"column":25},"end":{"line":10,"column":49}},"3":{"start":{"line":13,"column":21},"end":{"line":13,"column":65}},"4":{"start":{"line":14,"column":8},"end":{"line":18,"column":null}},"5":{"start":{"line":15,"column":12},"end":{"line":15,"column":87}},"6":{"start":{"line":16,"column":12},"end":{"line":16,"column":56}},"7":{"start":{"line":17,"column":12},"end":{"line":17,"column":24}},"8":{"start":{"line":20,"column":8},"end":{"line":20,"column":21}},"9":{"start":{"line":24,"column":23},"end":{"line":24,"column":33}},"10":{"start":{"line":25,"column":8},"end":{"line":25,"column":56}},"11":{"start":{"line":26,"column":21},"end":{"line":26,"column":73}},"12":{"start":{"line":27,"column":19},"end":{"line":33,"column":10}},"13":{"start":{"line":35,"column":8},"end":{"line":35,"column":20}},"14":{"start":{"line":5,"column":0},"end":{"line":5,"column":21}}},"fnMap":{"0":{"name":"(anonymous_0)","decl":{"start":{"line":7,"column":4},"end":{"line":7,"column":null}},"loc":{"start":{"line":10,"column":49},"end":{"line":10,"column":54}}},"1":{"name":"(anonymous_1)","decl":{"start":{"line":12,"column":4},"end":{"line":12,"column":9}},"loc":{"start":{"line":12,"column":30},"end":{"line":21,"column":5}}},"2":{"name":"(anonymous_2)","decl":{"start":{"line":23,"column":4},"end":{"line":23,"column":9}},"loc":{"start":{"line":23,"column":34},"end":{"line":36,"column":5}}}},"branchMap":{"0":{"loc":{"start":{"line":14,"column":8},"end":{"line":18,"column":null}},"type":"if","locations":[{"start":{"line":14,"column":8},"end":{"line":18,"column":null}}]}},"s":{"0":4,"1":4,"2":4,"3":1,"4":1,"5":1,"6":1,"7":1,"8":0,"9":1,"10":1,"11":1,"12":1,"13":1,"14":4},"f":{"0":4,"1":1,"2":1},"b":{"0":[1]}}
,"/media/samyouaret/storage_drive/ALL_IN/projects/event-space/src/config/database.ts": {"path":"/media/samyouaret/storage_drive/ALL_IN/projects/event-space/src/config/database.ts","statementMap":{"0":{"start":{"line":1,"column":0},"end":{"line":1,"column":44}},"1":{"start":{"line":4,"column":13},"end":{"line":11,"column":null}},"2":{"start":{"line":12,"column":13},"end":{"line":18,"column":null}},"3":{"start":{"line":19,"column":13},"end":{"line":25,"column":null}}},"fnMap":{},"branchMap":{},"s":{"0":3,"1":3,"2":3,"3":3},"f":{},"b":{}}
,"/media/samyouaret/storage_drive/ALL_IN/projects/event-space/src/factories/ExpressFactory.ts": {"path":"/media/samyouaret/storage_drive/ALL_IN/projects/event-space/src/factories/ExpressFactory.ts","statementMap":{"0":{"start":{"line":1,"column":0},"end":{"line":1,"column":52}},"1":{"start":{"line":2,"column":0},"end":{"line":2,"column":68}},"2":{"start":{"line":3,"column":0},"end":{"line":3,"column":29}},"3":{"start":{"line":6,"column":17},"end":{"line":6,"column":26}},"4":{"start":{"line":7,"column":21},"end":{"line":21,"column":10}},"5":{"start":{"line":23,"column":4},"end":{"line":23,"column":22}},"6":{"start":{"line":5,"column":0},"end":{"line":5,"column":16}}},"fnMap":{"0":{"name":"createExpressApp","decl":{"start":{"line":5,"column":16},"end":{"line":5,"column":32}},"loc":{"start":{"line":5,"column":32},"end":{"line":24,"column":1}}}},"branchMap":{},"s":{"0":3,"1":3,"2":3,"3":3,"4":3,"5":3,"6":3},"f":{"0":3},"b":{}}
,"/media/samyouaret/storage_drive/ALL_IN/projects/event-space/src/helpers/crypto.ts": {"path":"/media/samyouaret/storage_drive/ALL_IN/projects/event-space/src/helpers/crypto.ts","statementMap":{"0":{"start":{"line":1,"column":0},"end":{"line":1,"column":27}},"1":{"start":{"line":3,"column":20},"end":{"line":5,"column":1}},"2":{"start":{"line":4,"column":4},"end":{"line":4,"column":43}},"3":{"start":{"line":3,"column":13},"end":{"line":3,"column":20}}},"fnMap":{"0":{"name":"hash","decl":{"start":{"line":3,"column":35},"end":{"line":3,"column":39}},"loc":{"start":{"line":3,"column":71},"end":{"line":5,"column":1}}}},"branchMap":{"0":{"loc":{"start":{"line":3,"column":56},"end":{"line":3,"column":71}},"type":"default-arg","locations":[{"start":{"line":3,"column":69},"end":{"line":3,"column":71}}]}},"s":{"0":5,"1":5,"2":5,"3":5},"f":{"0":5},"b":{"0":[5]}}
,"/media/samyouaret/storage_drive/ALL_IN/projects/event-space/src/helpers/pathHelper.ts": {"path":"/media/samyouaret/storage_drive/ALL_IN/projects/event-space/src/helpers/pathHelper.ts","statementMap":{"0":{"start":{"line":1,"column":0},"end":{"line":1,"column":24}},"1":{"start":{"line":4,"column":4},"end":{"line":7,"column":null}},"2":{"start":{"line":5,"column":8},"end":{"line":5,"column":33}},"3":{"start":{"line":6,"column":8},"end":{"line":6,"column":21}},"4":{"start":{"line":8,"column":4},"end":{"line":8,"column":51}},"5":{"start":{"line":3,"column":0},"end":{"line":3,"column":16}},"6":{"start":{"line":12,"column":27},"end":{"line":12,"column":64}},"7":{"start":{"line":13,"column":4},"end":{"line":13,"column":null}},"8":{"start":{"line":11,"column":0},"end":{"line":11,"column":16}},"9":{"start":{"line":17,"column":4},"end":{"line":17,"column":null}},"10":{"start":{"line":16,"column":0},"end":{"line":16,"column":16}},"11":{"start":{"line":21,"column":4},"end":{"line":21,"column":null}},"12":{"start":{"line":20,"column":0},"end":{"line":20,"column":16}},"13":{"start":{"line":25,"column":4},"end":{"line":25,"column":null}},"14":{"start":{"line":24,"column":0},"end":{"line":24,"column":16}},"15":{"start":{"line":29,"column":27},"end":{"line":29,"column":64}},"16":{"start":{"line":30,"column":4},"end":{"line":30,"column":null}},"17":{"start":{"line":28,"column":0},"end":{"line":28,"column":16}},"18":{"start":{"line":34,"column":4},"end":{"line":34,"column":null}},"19":{"start":{"line":33,"column":0},"end":{"line":33,"column":16}},"20":{"start":{"line":38,"column":4},"end":{"line":38,"column":null}},"21":{"start":{"line":37,"column":0},"end":{"line":37,"column":16}},"22":{"start":{"line":42,"column":4},"end":{"line":42,"column":null}},"23":{"start":{"line":41,"column":0},"end":{"line":41,"column":16}}},"fnMap":{"0":{"name":"env","decl":{"start":{"line":3,"column":16},"end":{"line":3,"column":19}},"loc":{"start":{"line":3,"column":47},"end":{"line":9,"column":1}}},"1":{"name":"root_path","decl":{"start":{"line":11,"column":16},"end":{"line":11,"column":25}},"loc":{"start":{"line":11,"column":47},"end":{"line":14,"column":1}}},"2":{"name":"resource","decl":{"start":{"line":16,"column":16},"end":{"line":16,"column":24}},"loc":{"start":{"line":16,"column":42},"end":{"line":18,"column":1}}},"3":{"name":"view_path","decl":{"start":{"line":20,"column":16},"end":{"line":20,"column":25}},"loc":{"start":{"line":20,"column":43},"end":{"line":22,"column":1}}},"4":{"name":"route_path","decl":{"start":{"line":24,"column":16},"end":{"line":24,"column":26}},"loc":{"start":{"line":24,"column":45},"end":{"line":26,"column":1}}},"5":{"name":"static_path","decl":{"start":{"line":28,"column":16},"end":{"line":28,"column":27}},"loc":{"start":{"line":28,"column":45},"end":{"line":31,"column":1}}},"6":{"name":"service_path","decl":{"start":{"line":33,"column":16},"end":{"line":33,"column":28}},"loc":{"start":{"line":33,"column":46},"end":{"line":35,"column":1}}},"7":{"name":"config_path","decl":{"start":{"line":37,"column":16},"end":{"line":37,"column":27}},"loc":{"start":{"line":37,"column":45},"end":{"line":39,"column":1}}},"8":{"name":"database_path","decl":{"start":{"line":41,"column":16},"end":{"line":41,"column":29}},"loc":{"start":{"line":41,"column":47},"end":{"line":43,"column":1}}}},"branchMap":{"0":{"loc":{"start":{"line":4,"column":4},"end":{"line":7,"column":null}},"type":"if","locations":[{"start":{"line":4,"column":4},"end":{"line":7,"column":null}}]},"1":{"loc":{"start":{"line":8,"column":11},"end":{"line":8,"column":50}},"type":"binary-expr","locations":[{"start":{"line":8,"column":11},"end":{"line":8,"column":37}},{"start":{"line":8,"column":41},"end":{"line":8,"column":50}}]},"2":{"loc":{"start":{"line":11,"column":26},"end":{"line":11,"column":47}},"type":"default-arg","locations":[{"start":{"line":11,"column":45},"end":{"line":11,"column":47}}]},"3":{"loc":{"start":{"line":16,"column":25},"end":{"line":16,"column":42}},"type":"default-arg","locations":[{"start":{"line":16,"column":40},"end":{"line":16,"column":42}}]},"4":{"loc":{"start":{"line":20,"column":26},"end":{"line":20,"column":43}},"type":"default-arg","locations":[{"start":{"line":20,"column":41},"end":{"line":20,"column":43}}]},"5":{"loc":{"start":{"line":24,"column":27},"end":{"line":24,"column":45}},"type":"default-arg","locations":[{"start":{"line":24,"column":43},"end":{"line":24,"column":45}}]},"6":{"loc":{"start":{"line":28,"column":28},"end":{"line":28,"column":45}},"type":"default-arg","locations":[{"start":{"line":28,"column":43},"end":{"line":28,"column":45}}]},"7":{"loc":{"start":{"line":33,"column":29},"end":{"line":33,"column":46}},"type":"default-arg","locations":[{"start":{"line":33,"column":44},"end":{"line":33,"column":46}}]},"8":{"loc":{"start":{"line":37,"column":28},"end":{"line":37,"column":45}},"type":"default-arg","locations":[{"start":{"line":37,"column":43},"end":{"line":37,"column":45}}]},"9":{"loc":{"start":{"line":41,"column":30},"end":{"line":41,"column":47}},"type":"default-arg","locations":[{"start":{"line":41,"column":45},"end":{"line":41,"column":47}}]}},"s":{"0":4,"1":35,"2":3,"3":3,"4":32,"5":4,"6":0,"7":0,"8":4,"9":0,"10":4,"11":0,"12":4,"13":0,"14":4,"15":0,"16":0,"17":4,"18":0,"19":4,"20":0,"21":4,"22":0,"23":4},"f":{"0":35,"1":0,"2":0,"3":0,"4":0,"5":0,"6":0,"7":0,"8":0},"b":{"0":[3],"1":[32,0],"2":[0],"3":[0],"4":[0],"5":[0],"6":[0],"7":[0],"8":[0],"9":[0]}}
,"/media/samyouaret/storage_drive/ALL_IN/projects/event-space/src/routes/404.ts": {"path":"/media/samyouaret/storage_drive/ALL_IN/projects/event-space/src/routes/404.ts","statementMap":{"0":{"start":{"line":5,"column":4},"end":{"line":7,"column":null}},"1":{"start":{"line":6,"column":8},"end":{"line":6,"column":46}},"2":{"start":{"line":4,"column":0},"end":{"line":4,"column":24}}},"fnMap":{"0":{"name":"error404","decl":{"start":{"line":4,"column":24},"end":{"line":4,"column":32}},"loc":{"start":{"line":4,"column":49},"end":{"line":8,"column":1}}},"1":{"name":"(anonymous_1)","decl":{"start":{"line":5,"column":11},"end":{"line":5,"column":12}},"loc":{"start":{"line":5,"column":59},"end":{"line":7,"column":5}}}},"branchMap":{},"s":{"0":3,"1":0,"2":3},"f":{"0":3,"1":0},"b":{}}
,"/media/samyouaret/storage_drive/ALL_IN/projects/event-space/src/routes/500.ts": {"path":"/media/samyouaret/storage_drive/ALL_IN/projects/event-space/src/routes/500.ts","statementMap":{"0":{"start":{"line":5,"column":4},"end":{"line":11,"column":null}},"1":{"start":{"line":6,"column":58},"end":{"line":6,"column":87}},"2":{"start":{"line":7,"column":8},"end":{"line":9,"column":null}},"3":{"start":{"line":8,"column":12},"end":{"line":8,"column":32}},"4":{"start":{"line":10,"column":8},"end":{"line":10,"column":38}},"5":{"start":{"line":4,"column":0},"end":{"line":4,"column":24}}},"fnMap":{"0":{"name":"error500","decl":{"start":{"line":4,"column":24},"end":{"line":4,"column":32}},"loc":{"start":{"line":4,"column":49},"end":{"line":12,"column":1}}},"1":{"name":"(anonymous_1)","decl":{"start":{"line":5,"column":11},"end":{"line":5,"column":12}},"loc":{"start":{"line":5,"column":71},"end":{"line":11,"column":5}}}},"branchMap":{"0":{"loc":{"start":{"line":7,"column":8},"end":{"line":9,"column":null}},"type":"if","locations":[{"start":{"line":7,"column":8},"end":{"line":9,"column":null}}]}},"s":{"0":3,"1":0,"2":0,"3":0,"4":0,"5":3},"f":{"0":3,"1":0},"b":{"0":[0]}}
,"/media/samyouaret/storage_drive/ALL_IN/projects/event-space/src/routes/api/auth-routes.ts": {"path":"/media/samyouaret/storage_drive/ALL_IN/projects/event-space/src/routes/api/auth-routes.ts","statementMap":{"0":{"start":{"line":1,"column":0},"end":{"line":1,"column":29}},"1":{"start":{"line":2,"column":0},"end":{"line":2,"column":76}},"2":{"start":{"line":3,"column":0},"end":{"line":3,"column":57}},"3":{"start":{"line":4,"column":0},"end":{"line":4,"column":80}},"4":{"start":{"line":5,"column":0},"end":{"line":5,"column":70}},"5":{"start":{"line":7,"column":0},"end":{"line":7,"column":84}},"6":{"start":{"line":8,"column":0},"end":{"line":8,"column":57}},"7":{"start":{"line":12,"column":22},"end":{"line":12,"column":65}},"8":{"start":{"line":13,"column":41},"end":{"line":13,"column":72}},"9":{"start":{"line":14,"column":49},"end":{"line":16,"column":42}},"10":{"start":{"line":17,"column":33},"end":{"line":17,"column":49}},"11":{"start":{"line":18,"column":20},"end":{"line":18,"column":41}},"12":{"start":{"line":19,"column":4},"end":{"line":19,"column":104}},"13":{"start":{"line":20,"column":27},"end":{"line":20,"column":48}},"14":{"start":{"line":21,"column":4},"end":{"line":21,"column":97}},"15":{"start":{"line":22,"column":4},"end":{"line":22,"column":92}},"16":{"start":{"line":10,"column":0},"end":{"line":10,"column":15}}},"fnMap":{"0":{"name":"default_1","decl":{"start":{"line":10,"column":20},"end":{"line":10,"column":31}},"loc":{"start":{"line":10,"column":47},"end":{"line":23,"column":1}}}},"branchMap":{},"s":{"0":3,"1":3,"2":3,"3":3,"4":3,"5":3,"6":3,"7":3,"8":3,"9":3,"10":3,"11":3,"12":3,"13":3,"14":3,"15":3,"16":3},"f":{"0":3},"b":{}}
,"/media/samyouaret/storage_drive/ALL_IN/projects/event-space/src/routes/api/reset-password.ts": {"path":"/media/samyouaret/storage_drive/ALL_IN/projects/event-space/src/routes/api/reset-password.ts","statementMap":{"0":{"start":{"line":1,"column":0},"end":{"line":1,"column":29}},"1":{"start":{"line":3,"column":0},"end":{"line":3,"column":94}},"2":{"start":{"line":4,"column":0},"end":{"line":4,"column":75}},"3":{"start":{"line":8,"column":31},"end":{"line":11,"column":35}},"4":{"start":{"line":12,"column":46},"end":{"line":12,"column":95}},"5":{"start":{"line":14,"column":33},"end":{"line":14,"column":49}},"6":{"start":{"line":15,"column":4},"end":{"line":15,"column":98}},"7":{"start":{"line":16,"column":4},"end":{"line":16,"column":96}},"8":{"start":{"line":18,"column":4},"end":{"line":18,"column":56}},"9":{"start":{"line":6,"column":0},"end":{"line":6,"column":15}}},"fnMap":{"0":{"name":"resetPassword","decl":{"start":{"line":6,"column":30},"end":{"line":6,"column":43}},"loc":{"start":{"line":6,"column":60},"end":{"line":19,"column":1}}}},"branchMap":{},"s":{"0":3,"1":3,"2":3,"3":3,"4":3,"5":3,"6":3,"7":3,"8":3,"9":3},"f":{"0":3},"b":{}}
,"/media/samyouaret/storage_drive/ALL_IN/projects/event-space/src/routes/api/verify-email.ts": {"path":"/media/samyouaret/storage_drive/ALL_IN/projects/event-space/src/routes/api/verify-email.ts","statementMap":{"0":{"start":{"line":1,"column":0},"end":{"line":1,"column":29}},"1":{"start":{"line":3,"column":0},"end":{"line":3,"column":90}},"2":{"start":{"line":6,"column":44},"end":{"line":6,"column":104}},"3":{"start":{"line":8,"column":33},"end":{"line":8,"column":49}},"4":{"start":{"line":9,"column":4},"end":{"line":9,"column":68}},"5":{"start":{"line":11,"column":4},"end":{"line":11,"column":56}},"6":{"start":{"line":5,"column":0},"end":{"line":5,"column":15}}},"fnMap":{"0":{"name":"default_1","decl":{"start":{"line":5,"column":20},"end":{"line":5,"column":31}},"loc":{"start":{"line":5,"column":47},"end":{"line":12,"column":1}}}},"branchMap":{},"s":{"0":3,"1":3,"2":3,"3":3,"4":3,"5":3,"6":3},"f":{"0":3},"b":{}}
}
